{"level":50,"time":1695205991678,"pid":70633,"hostname":"chicmic-Macmini","msg":"GET /* 401 | \n          Unauthorized  | {\"body\":{},\"params\":{},\"query\":{}}"}
{"level":50,"time":1695205992838,"pid":70633,"hostname":"chicmic-Macmini","msg":"GET /* 401 | \n          Unauthorized  | {\"body\":{},\"params\":{},\"query\":{}}"}
{"level":50,"time":1695205993764,"pid":70633,"hostname":"chicmic-Macmini","msg":"GET /* 401 | \n          Unauthorized  | {\"body\":{},\"params\":{},\"query\":{}}"}
{"level":50,"time":1695206000232,"pid":70633,"hostname":"chicmic-Macmini","msg":"GET /* 401 | \n          Unauthorized  | {\"body\":{},\"params\":{},\"query\":{}}"}
{"level":50,"time":1695206005786,"pid":70633,"hostname":"chicmic-Macmini","msg":"GET /* 401 | \n          Unauthorized  | {\"body\":{},\"params\":{},\"query\":{}}"}
{"level":50,"time":1695206011546,"pid":70633,"hostname":"chicmic-Macmini","msg":"GET /* 401 | \n          Unauthorized  | {\"body\":{},\"params\":{},\"query\":{}}"}
{"level":50,"time":1695206013319,"pid":70633,"hostname":"chicmic-Macmini","msg":"GET /* 401 | \n          Unauthorized  | {\"body\":{},\"params\":{},\"query\":{}}"}
{"level":50,"time":1695206014005,"pid":70633,"hostname":"chicmic-Macmini","msg":"GET /* 401 | \n          Unauthorized  | {\"body\":{},\"params\":{},\"query\":{}}"}
{"level":50,"time":1695206052134,"pid":70633,"hostname":"chicmic-Macmini","msg":"GET /* 401 | \n          Unauthorized  | {\"body\":{},\"params\":{},\"query\":{}}"}
{"level":50,"time":1695206355879,"pid":71365,"hostname":"chicmic-Macmini","msg":"GET /* 401 | \n          Unauthorized  | {\"body\":{},\"params\":{},\"query\":{}}"}
{"level":50,"time":1695206356997,"pid":71365,"hostname":"chicmic-Macmini","msg":"GET /* 401 | \n          Unauthorized  | {\"body\":{},\"params\":{},\"query\":{}}"}
{"level":50,"time":1695206388423,"pid":71365,"hostname":"chicmic-Macmini","msg":"GET /* 401 | \n          Unauthorized  | {\"body\":{},\"params\":{},\"query\":{}}"}
{"level":50,"time":1695206389230,"pid":71365,"hostname":"chicmic-Macmini","msg":"GET /* 401 | \n          Unauthorized  | {\"body\":{},\"params\":{},\"query\":{}}"}
{"level":50,"time":1695206723094,"pid":71623,"hostname":"chicmic-Macmini","msg":"POST /user/register 500 | \n          Internal Server Error  | {\"body\":{\"name\":\"string\"},\"params\":{},\"query\":{}}"}
{"level":50,"time":1695211392166,"pid":76337,"hostname":"chicmic-Macmini","msg":"GET /* 401 | \n          Unauthorized  | {\"body\":{},\"params\":{},\"query\":{}}"}
{"level":50,"time":1695211407181,"pid":76337,"hostname":"chicmic-Macmini","msg":"POST /user/register 500 | \n          Internal Server Error  | {\"body\":{\"name\":\"string\"},\"params\":{},\"query\":{}}"}
{"level":50,"time":1695211704857,"pid":76893,"hostname":"chicmic-Macmini","msg":"POST /user/register 500 | \n          Internal Server Error  | {\"body\":{\"name\":\"string\"},\"params\":{},\"query\":{}}"}
{"level":50,"time":1695213845259,"pid":79589,"hostname":"chicmic-Macmini","msg":"GET /* 401 | \n          Unauthorized  | {\"body\":{},\"params\":{},\"query\":{}}"}
{"level":50,"time":1695213849031,"pid":79589,"hostname":"chicmic-Macmini","msg":"GET /* 401 | \n          Unauthorized  | {\"body\":{},\"params\":{},\"query\":{}}"}
{"level":50,"time":1695213865143,"pid":79589,"hostname":"chicmic-Macmini","msg":"POST /user/register 500 | \n          Internal Server Error  | {\"body\":{\"name\":\"string\"},\"params\":{},\"query\":{}}"}
{"level":50,"time":1695214211584,"pid":80521,"hostname":"chicmic-Macmini","msg":"POST /user/register 500 | \n          Internal Server Error Cannot read properties of undefined (reading 'filePath') | {\"body\":{\"name\":\"string\"},\"params\":{},\"query\":{}}"}
{"level":50,"time":1695214238446,"pid":80604,"hostname":"chicmic-Macmini","msg":"POST /user/register 500 | \n          Internal Server Error Cannot read properties of undefined (reading 'filePath') | {\"body\":{\"name\":\"string\"},\"params\":{},\"query\":{}}"}
{"level":50,"time":1695214273819,"pid":80744,"hostname":"chicmic-Macmini","msg":"POST /user/register 500 | \n          Internal Server Error Cannot read properties of undefined (reading 'filePath') | {\"body\":{\"name\":\"string\"},\"params\":{},\"query\":{}}"}
{"level":50,"time":1695214461622,"pid":80744,"hostname":"chicmic-Macmini","msg":"POST /user/register 500 | \n          Internal Server Error Cannot read properties of undefined (reading 'filePath') | {\"body\":{\"name\":\"string\"},\"params\":{},\"query\":{}}"}
{"level":50,"time":1695214524161,"pid":80920,"hostname":"chicmic-Macmini","msg":"POST /user/register 500 | \n          Internal Server Error Cannot read properties of undefined (reading 'filePath') | {\"body\":{\"name\":\"string\"},\"params\":{},\"query\":{}}"}
{"level":50,"time":1695214626611,"pid":81172,"hostname":"chicmic-Macmini","msg":"POST /user/register 500 | \n          Internal Server Error Cannot read properties of undefined (reading 'filePath') | {\"body\":{\"name\":\"string\"},\"params\":{},\"query\":{}}"}
{"level":50,"time":1695214981023,"pid":81172,"hostname":"chicmic-Macmini","msg":"POST /user/register 500 | \n          Internal Server Error Cannot read properties of undefined (reading 'filePath') | {\"body\":{\"name\":\"string\"},\"params\":{},\"query\":{}}"}
{"level":50,"time":1695215038658,"pid":81172,"hostname":"chicmic-Macmini","msg":"POST /user/register 500 | \n          Internal Server Error Cannot read properties of undefined (reading 'filePath') | {\"body\":{\"name\":\"string\"},\"params\":{},\"query\":{}}"}
{"level":50,"time":1695215060282,"pid":81172,"hostname":"chicmic-Macmini","msg":"POST /user/register 500 | \n          Internal Server Error Cannot read properties of undefined (reading 'filePath') | {\"body\":{\"name\":\"string\"},\"params\":{},\"query\":{}}"}
{"level":50,"time":1695215267652,"pid":82505,"hostname":"chicmic-Macmini","msg":"GET /* 401 | \n          Unauthorized  | {\"body\":{},\"params\":{},\"query\":{}}"}
{"level":50,"time":1695215275955,"pid":82505,"hostname":"chicmic-Macmini","msg":"POST /user/register 500 | \n          Internal Server Error Cannot read properties of undefined (reading 'filePath') | {\"body\":{\"name\":\"string\"},\"params\":{},\"query\":{}}"}
{"level":50,"time":1695215326642,"pid":82915,"hostname":"chicmic-Macmini","msg":"POST /user/register 500 | \n          Internal Server Error Cannot read properties of undefined (reading 'filePath') | {\"body\":{\"name\":\"string\"},\"params\":{},\"query\":{}}"}
{"level":50,"time":1695375065556,"pid":37773,"hostname":"chicmic-Macmini","msg":"GET /* 401 | \n          Unauthorized  | {\"body\":{},\"params\":{},\"query\":{}}"}
{"level":50,"time":1695375074183,"pid":37773,"hostname":"chicmic-Macmini","msg":"POST /user/register 500 | \n          Internal Server Error Cannot read properties of undefined (reading 'filePath') | {\"body\":{\"name\":\"string\"},\"params\":{},\"query\":{}}"}
{"level":50,"time":1695375299582,"pid":38879,"hostname":"chicmic-Macmini","msg":"POST /user/register 500 | \n          Internal Server Error Cannot read properties of undefined (reading 'filePath') | {\"body\":{\"name\":\"string\"},\"params\":{},\"query\":{}}"}
{"level":50,"time":1695375392389,"pid":39040,"hostname":"chicmic-Macmini","msg":"POST /user/register 500 | \n          Internal Server Error Cannot read properties of undefined (reading 'filePath') | {\"body\":{\"name\":\"string\"},\"params\":{},\"query\":{}}"}
{"level":50,"time":1695375530905,"pid":39100,"hostname":"chicmic-Macmini","msg":"POST /user/register 500 | \n          Internal Server Error Cannot read properties of undefined (reading 'filePath') | {\"body\":{\"name\":\"string\"},\"params\":{},\"query\":{}}"}
{"level":50,"time":1695375547614,"pid":39199,"hostname":"chicmic-Macmini","msg":"POST /user/register 500 | \n          Internal Server Error Cannot read properties of undefined (reading 'filePath') | {\"body\":{\"name\":\"string\"},\"params\":{},\"query\":{}}"}
{"level":50,"time":1695625117475,"pid":29606,"hostname":"chicmic-Macmini","msg":"GET /* 401 | \n          Unauthorized  | {\"body\":{},\"params\":{},\"query\":{}}"}
{"level":50,"time":1695636442159,"pid":29399,"hostname":"chicmic-Macmini","msg":"GET /* 401 | \n          Unauthorized  | {\"body\":{},\"params\":{},\"query\":{}}"}
{"level":50,"time":1695636499331,"pid":29399,"hostname":"chicmic-Macmini","msg":"POST /user/register 500 | \n          Internal Server Error Cannot read properties of undefined (reading 'create') | {\"body\":{\"name\":\"runjan\",\"type\":2,\"userName\":\"RUnjan22\",\"age\":30,\"email\":\"user1@yopmail.com\",\"state\":\"punjab\",\"country\":\"india\"},\"params\":{},\"query\":{}}"}
{"level":50,"time":1695636647134,"pid":30168,"hostname":"chicmic-Macmini","msg":"POST /user/register 500 | \n          Internal Server Error Found non-callable @@iterator | {\"body\":{\"name\":\"runjan\",\"type\":2,\"userName\":\"RUnjan22\",\"age\":30,\"email\":\"user1@yopmail.com\",\"state\":\"punjab\",\"country\":\"india\"},\"params\":{},\"query\":{}}"}
{"level":50,"time":1695636859812,"pid":31078,"hostname":"chicmic-Macmini","msg":"POST /user/register 500 | \n          Internal Server Error E11000 duplicate key error collection: stripe.users index: email_1 dup key: { email: \"user1@yopmail.com\" } | {\"body\":{\"name\":\"runjan\",\"type\":2,\"userName\":\"RUnjan22\",\"age\":30,\"email\":\"user1@yopmail.com\",\"state\":\"punjab\",\"country\":\"india\"},\"params\":{},\"query\":{}}"}
{"level":50,"time":1695640938782,"pid":31078,"hostname":"chicmic-Macmini","msg":"POST /user/register 500 | \n          Internal Server Error E11000 duplicate key error collection: stripe.users index: email_1 dup key: { email: \"user1@yopmail.com\" } | {\"body\":{\"name\":\"runjan\",\"type\":2,\"userName\":\"RUnjan22\",\"age\":30,\"email\":\"user1@yopmail.com\",\"state\":\"punjab\",\"country\":\"india\"},\"params\":{},\"query\":{}}"}
{"level":50,"time":1695640951357,"pid":42339,"hostname":"chicmic-Macmini","msg":"POST /user/register 500 | \n          Internal Server Error E11000 duplicate key error collection: stripe.users index: email_1 dup key: { email: \"user1@yopmail.com\" } | {\"body\":{\"name\":\"runjan\",\"type\":2,\"userName\":\"RUnjan22\",\"age\":30,\"email\":\"user1@yopmail.com\",\"state\":\"punjab\",\"country\":\"india\"},\"params\":{},\"query\":{}}"}
{"level":50,"time":1695640961756,"pid":42339,"hostname":"chicmic-Macmini","msg":"POST /user/register 500 | \n          Internal Server Error E11000 duplicate key error collection: stripe.users index: email_1 dup key: { email: \"user1@yopmail.com\" } | {\"body\":{\"name\":\"runjan\",\"type\":2,\"userName\":\"RUnjan22\",\"age\":30,\"email\":\"user1@yopmail.com\",\"state\":\"punjab\",\"country\":\"india\"},\"params\":{},\"query\":{}}"}
{"level":50,"time":1695705470836,"pid":8255,"hostname":"chicmic-Macmini","msg":"GET /* 401 | \n          Unauthorized  | {\"body\":{},\"params\":{},\"query\":{}}"}
{"level":50,"time":1695705667811,"pid":8456,"hostname":"chicmic-Macmini","msg":"POST /user/register 500 | \n          Internal Server Error stripeService.createCustomer is not a function | {\"body\":{\"name\":\"runjan\",\"type\":1,\"userName\":\"ghostrider\",\"age\":25,\"email\":\"user12@example.com\",\"state\":\"punjab\",\"country\":\"india\"},\"params\":{},\"query\":{}}"}
{"level":50,"time":1695706327870,"pid":9057,"hostname":"chicmic-Macmini","msg":"POST /user/register 500 | \n          Internal Server Error stripeService.createCustomer is not a function | {\"body\":{\"name\":\"runjan\",\"type\":1,\"userName\":\"ghostrider\",\"age\":25,\"email\":\"user51742@example.com\",\"state\":\"punjab\",\"country\":\"india\"},\"params\":{},\"query\":{}}"}
{"level":50,"time":1695722516829,"pid":15722,"hostname":"chicmic-Macmini","msg":"POST /user/register 500 | \n          Internal Server Error users validation failed: age: Path `age` (0) is less than minimum allowed value (13). | {\"body\":{\"name\":\"string\",\"type\":0,\"userName\":\"string\",\"age\":0,\"email\":\"use564r@example.com\",\"state\":\"string\",\"country\":\"string\"},\"params\":{},\"query\":{}}"}
{"level":50,"time":1695722649738,"pid":16105,"hostname":"chicmic-Macmini","msg":"POST /user/register 500 | \n          Internal Server Error E11000 duplicate key error collection: stripe.users index: email_1 dup key: { email: \"user@example.com\" } | {\"body\":{\"name\":\"string\",\"type\":1,\"userName\":\"string\",\"age\":100,\"email\":\"user@example.com\",\"state\":\"string\",\"country\":\"string\"},\"params\":{},\"query\":{}}"}
{"level":50,"time":1695722836168,"pid":16677,"hostname":"chicmic-Macmini","msg":"POST /user/register 500 | \n          Internal Server Error E11000 duplicate key error collection: stripe.users index: email_1 dup key: { email: \"usudse1r@example.com\" } | {\"body\":{\"name\":\"string\",\"type\":1,\"userName\":\"string\",\"age\":100,\"email\":\"usudse1r@example.com\",\"state\":\"string\",\"country\":\"string\"},\"params\":{},\"query\":{}}"}
{"level":50,"time":1695722891375,"pid":16776,"hostname":"chicmic-Macmini","msg":"POST /user/register 500 | \n          Internal Server Error E11000 duplicate key error collection: stripe.users index: email_1 dup key: { email: \"usudsie1r@example.com\" } | {\"body\":{\"name\":\"string\",\"type\":1,\"userName\":\"string\",\"age\":100,\"email\":\"usudsie1r@example.com\",\"state\":\"string\",\"country\":\"string\"},\"params\":{},\"query\":{}}"}
{"level":50,"time":1695726235305,"pid":19807,"hostname":"chicmic-Macmini","msg":"POST /user/register 400 | \n          Bad Request 2, 3 | {\"body\":{\"name\":\"string\",\"type\":1,\"userName\":\"runjan\",\"age\":99,\"email\":\"runjan1@yopmail.com\",\"state\":\"string\",\"country\":\"string\"},\"params\":{},\"query\":{}}"}
{"level":50,"time":1695726251773,"pid":19807,"hostname":"chicmic-Macmini","msg":"POST /user/register 500 | \n          Internal Server Error E11000 duplicate key error collection: stripe.users index: userName_1 dup key: { userName: \"RUNJAN\" } | {\"body\":{\"name\":\"string\",\"type\":2,\"userName\":\"runjan\",\"age\":99,\"email\":\"runjan1@yopmail.com\",\"state\":\"string\",\"country\":\"string\"},\"params\":{},\"query\":{}}"}
{"level":50,"time":1695726280912,"pid":19991,"hostname":"chicmic-Macmini","msg":"POST /user/register 500 | \n          Internal Server Error E11000 duplicate key error collection: stripe.users index: userName_1 dup key: { userName: \"RUNJAN1\" } | {\"body\":{\"name\":\"string\",\"type\":2,\"userName\":\"runjan1\",\"age\":99,\"email\":\"runjan1@yopmail.com\",\"state\":\"string\",\"country\":\"string\"},\"params\":{},\"query\":{}}"}
{"level":50,"time":1695726414566,"pid":20221,"hostname":"chicmic-Macmini","msg":"POST /user/register 500 | \n          Internal Server Error E11000 duplicate key error collection: stripe.users index: userName_1 dup key: { userName: \"RUNJAN11\" } | {\"body\":{\"name\":\"string\",\"type\":2,\"userName\":\"runjan11\",\"age\":89,\"email\":\"runjan11@yopmail.com\",\"state\":\"string\",\"country\":\"string\"},\"params\":{},\"query\":{}}"}
{"level":50,"time":1695726432316,"pid":20221,"hostname":"chicmic-Macmini","msg":"POST /user/register 500 | \n          Internal Server Error An error occurred with our connection to Stripe. Request was retried 1 times. | {\"body\":{\"name\":\"string\",\"type\":2,\"userName\":\"runjan11\",\"age\":89,\"email\":\"runjan11@yopmail.com\",\"state\":\"string\",\"country\":\"string\"},\"params\":{},\"query\":{}}"}
{"level":50,"time":1695727834535,"pid":23003,"hostname":"chicmic-Macmini","msg":"PUT /user/update 400 | \n          Bad Request  | {\"body\":{},\"params\":{},\"query\":{}}"}
{"level":50,"time":1695728019301,"pid":23237,"hostname":"chicmic-Macmini","msg":"PUT /user/update 400 | \n          Bad Request  | {\"body\":{},\"params\":{},\"query\":{}}"}
{"level":50,"time":1695729695421,"pid":23237,"hostname":"chicmic-Macmini","msg":"PUT /user/update 400 | \n          Bad Request  | {\"body\":{},\"params\":{},\"query\":{}}"}
{"level":50,"time":1695791400038,"pid":10180,"hostname":"chicmic-Macmini","msg":"GET /* 404 | \n          Not Found  | {\"body\":{},\"params\":{},\"query\":{}}"}
{"level":50,"time":1695791408454,"pid":10180,"hostname":"chicmic-Macmini","msg":"GET /* 404 | \n          Not Found  | {\"body\":{},\"params\":{},\"query\":{}}"}
{"level":50,"time":1695791413050,"pid":10180,"hostname":"chicmic-Macmini","msg":"GET /* 404 | \n          Not Found  | {\"body\":{},\"params\":{},\"query\":{}}"}
